mode: set
/home/risyadaji/Payfazz/Project/playground/learning-test-by-example/maps/main.go:13.40,15.2 1 0
/home/risyadaji/Payfazz/Project/playground/learning-test-by-example/maps/main.go:17.57,19.9 2 1
/home/risyadaji/Payfazz/Project/playground/learning-test-by-example/maps/main.go:23.2,23.24 1 1
/home/risyadaji/Payfazz/Project/playground/learning-test-by-example/maps/main.go:19.9,21.3 1 1
/home/risyadaji/Payfazz/Project/playground/learning-test-by-example/maps/main.go:26.56,29.13 2 1
/home/risyadaji/Payfazz/Project/playground/learning-test-by-example/maps/main.go:38.2,38.12 1 1
/home/risyadaji/Payfazz/Project/playground/learning-test-by-example/maps/main.go:30.19,31.23 1 1
/home/risyadaji/Payfazz/Project/playground/learning-test-by-example/maps/main.go:32.11,33.22 1 1
/home/risyadaji/Payfazz/Project/playground/learning-test-by-example/maps/main.go:34.10,35.13 1 0
/home/risyadaji/Payfazz/Project/playground/learning-test-by-example/maps/main.go:41.62,43.13 2 1
/home/risyadaji/Payfazz/Project/playground/learning-test-by-example/maps/main.go:52.2,52.12 1 1
/home/risyadaji/Payfazz/Project/playground/learning-test-by-example/maps/main.go:44.19,45.29 1 1
/home/risyadaji/Payfazz/Project/playground/learning-test-by-example/maps/main.go:46.11,47.26 1 1
/home/risyadaji/Payfazz/Project/playground/learning-test-by-example/maps/main.go:48.10,49.13 1 0
/home/risyadaji/Payfazz/Project/playground/learning-test-by-example/maps/main.go:55.47,57.13 2 1
/home/risyadaji/Payfazz/Project/playground/learning-test-by-example/maps/main.go:66.2,66.12 1 1
/home/risyadaji/Payfazz/Project/playground/learning-test-by-example/maps/main.go:58.11,59.18 1 1
/home/risyadaji/Payfazz/Project/playground/learning-test-by-example/maps/main.go:60.19,61.29 1 1
/home/risyadaji/Payfazz/Project/playground/learning-test-by-example/maps/main.go:62.10,63.13 1 0
/home/risyadaji/Payfazz/Project/playground/learning-test-by-example/maps/main.go:69.14,70.2 0 0
