mode: set
/home/risyadaji/Payfazz/Project/playground/learning-test-by-example/pointer/main.go:14.34,16.2 1 0
/home/risyadaji/Payfazz/Project/playground/learning-test-by-example/pointer/main.go:22.42,24.2 1 1
/home/risyadaji/Payfazz/Project/playground/learning-test-by-example/pointer/main.go:26.49,27.24 1 1
/home/risyadaji/Payfazz/Project/playground/learning-test-by-example/pointer/main.go:31.2,32.12 2 1
/home/risyadaji/Payfazz/Project/playground/learning-test-by-example/pointer/main.go:27.24,29.3 1 1
/home/risyadaji/Payfazz/Project/playground/learning-test-by-example/pointer/main.go:35.36,37.2 1 1
/home/risyadaji/Payfazz/Project/playground/learning-test-by-example/pointer/main.go:39.14,39.15 0 0
